<?xml version="1.0" encoding="UTF-8"?>
<testsuite name="ic.doc.RecentlyUsedListTests" tests="6" skipped="0" failures="0" errors="0" timestamp="2021-04-15T09:34:54" hostname="MacBook-di-Tommaso.local" time="0.01">
  <properties/>
  <testcase name="itemsInTheListAreUnique" classname="ic.doc.RecentlyUsedListTests" time="0.008"/>
  <testcase name="duplicatesAreMovedRatherThanAdded" classname="ic.doc.RecentlyUsedListTests" time="0.0"/>
  <testcase name="mostRecentItemIsFirstInTheList" classname="ic.doc.RecentlyUsedListTests" time="0.0"/>
  <testcase name="canAddThingsToRecentlyUsedList" classname="ic.doc.RecentlyUsedListTests" time="0.0"/>
  <testcase name="listIsEmptyWhenInitialized" classname="ic.doc.RecentlyUsedListTests" time="0.0"/>
  <testcase name="canRetrieveItemFromList" classname="ic.doc.RecentlyUsedListTests" time="0.0"/>
  <system-out><![CDATA[]]></system-out>
  <system-err><![CDATA[]]></system-err>
</testsuite>
